<?xml version="1.0" encoding="UTF-8"?>
<!-- Generated by org.testng.reporters.JUnitXMLReporter -->
<testsuite ignored="0" hostname="MehakChopra" failures="0" tests="6" name="Default test" time="12.011" errors="0" timestamp="2025-12-01T22:18:51 IST">
  <testcase classname="testcases.login_test" name="loginWithValidCredentials" time="0.39"/>
  <testcase classname="testcases.login_test" name="loginWithInvalidPassword" time="0.259"/>
  <testcase classname="testcases.login_test" name="loginWithInvalidUsername" time="0.26"/>
  <testcase classname="testcases.login_test" name="verifyUserRedirectedToCorrectURLAfterLogin" time="0.27"/>
  <testcase classname="testcases.login_test" name="loginwithblankUsernameandPassword" time="0.25"/>
  <testcase classname="testcases.login_test" name="verifyLockedOUtUserLogin" time="0.29"/>
</testsuite> <!-- Default test -->
