<?xml version="1.0" encoding="UTF-8"?>
<!-- Generated by org.testng.reporters.JUnitXMLReporter -->
<testsuite ignored="0" hostname="MehakChopra" failures="0" tests="6" name="Login Test" time="40.756" errors="0" timestamp="2025-12-02T09:51:25 IST">
  <testcase classname="testcases.login_test" name="loginWithValidCredentials" time="0.364"/>
  <testcase classname="testcases.login_test" name="loginWithInvalidPassword" time="0.264"/>
  <testcase classname="testcases.login_test" name="loginWithInvalidUsername" time="0.267"/>
  <testcase classname="testcases.login_test" name="verifyUserRedirectedToCorrectURLAfterLogin" time="0.35"/>
  <testcase classname="testcases.login_test" name="loginwithblankUsernameandPassword" time="0.302"/>
  <testcase classname="testcases.login_test" name="verifyLockedOUtUserLogin" time="0.337"/>
</testsuite> <!-- Login Test -->
