<?xml version="1.0" encoding="UTF-8"?>
<!-- Generated by org.testng.reporters.JUnitXMLReporter -->
<testsuite ignored="0" hostname="MehakChopra" failures="0" tests="6" name="Login Test" time="37.446" errors="0" timestamp="2025-12-01T22:04:48 IST">
  <testcase classname="testcases.login_test" name="loginWithValidCredentials" time="0.388"/>
  <testcase classname="testcases.login_test" name="loginWithInvalidPassword" time="0.333"/>
  <testcase classname="testcases.login_test" name="loginWithInvalidUsername" time="0.271"/>
  <testcase classname="testcases.login_test" name="verifyUserRedirectedToCorrectURLAfterLogin" time="0.298"/>
  <testcase classname="testcases.login_test" name="loginwithblankUsernameandPassword" time="0.253"/>
  <testcase classname="testcases.login_test" name="verifyLockedOUtUserLogin" time="0.275"/>
</testsuite> <!-- Login Test -->
