<?xml version="1.0" encoding="UTF-8"?>
<testng-results ignored="0" total="6" passed="6" failed="0" skipped="0">
  <reporter-output>
  </reporter-output>
  <suite started-at="2025-12-01T22:04:10 IST" name="Suite" finished-at="2025-12-01T22:04:48 IST" duration-ms="37446">
    <groups>
    </groups>
    <test started-at="2025-12-01T22:04:10 IST" name="Login Test" finished-at="2025-12-01T22:04:48 IST" duration-ms="37446">
      <class name="testcases.login_test">
        <test-method is-config="true" signature="setup()[pri:0, instance:testcases.login_test@3967e60c]" started-at="2025-12-01T22:04:10 IST" name="setup" finished-at="2025-12-01T22:04:38 IST" duration-ms="27583" status="PASS">
          <reporter-output>
          </reporter-output>
        </test-method> <!-- setup -->
        <test-method signature="loginWithValidCredentials()[pri:1, instance:testcases.login_test@3967e60c]" started-at="2025-12-01T22:04:38 IST" name="loginWithValidCredentials" finished-at="2025-12-01T22:04:38 IST" duration-ms="388" status="PASS">
          <reporter-output>
          </reporter-output>
        </test-method> <!-- loginWithValidCredentials -->
        <test-method is-config="true" signature="tearDown()[pri:0, instance:testcases.login_test@3967e60c]" started-at="2025-12-01T22:04:38 IST" name="tearDown" finished-at="2025-12-01T22:04:39 IST" duration-ms="161" status="PASS">
          <reporter-output>
          </reporter-output>
        </test-method> <!-- tearDown -->
        <test-method is-config="true" signature="setup()[pri:0, instance:testcases.login_test@3967e60c]" started-at="2025-12-01T22:04:39 IST" name="setup" finished-at="2025-12-01T22:04:40 IST" duration-ms="1501" status="PASS">
          <reporter-output>
          </reporter-output>
        </test-method> <!-- setup -->
        <test-method signature="loginWithInvalidPassword()[pri:2, instance:testcases.login_test@3967e60c]" started-at="2025-12-01T22:04:40 IST" name="loginWithInvalidPassword" finished-at="2025-12-01T22:04:40 IST" duration-ms="333" status="PASS">
          <reporter-output>
          </reporter-output>
        </test-method> <!-- loginWithInvalidPassword -->
        <test-method is-config="true" signature="tearDown()[pri:0, instance:testcases.login_test@3967e60c]" started-at="2025-12-01T22:04:40 IST" name="tearDown" finished-at="2025-12-01T22:04:41 IST" duration-ms="174" status="PASS">
          <reporter-output>
          </reporter-output>
        </test-method> <!-- tearDown -->
        <test-method is-config="true" signature="setup()[pri:0, instance:testcases.login_test@3967e60c]" started-at="2025-12-01T22:04:41 IST" name="setup" finished-at="2025-12-01T22:04:42 IST" duration-ms="1514" status="PASS">
          <reporter-output>
          </reporter-output>
        </test-method> <!-- setup -->
        <test-method signature="loginWithInvalidUsername()[pri:2, instance:testcases.login_test@3967e60c]" started-at="2025-12-01T22:04:42 IST" name="loginWithInvalidUsername" finished-at="2025-12-01T22:04:42 IST" duration-ms="271" status="PASS">
          <reporter-output>
          </reporter-output>
        </test-method> <!-- loginWithInvalidUsername -->
        <test-method is-config="true" signature="tearDown()[pri:0, instance:testcases.login_test@3967e60c]" started-at="2025-12-01T22:04:42 IST" name="tearDown" finished-at="2025-12-01T22:04:42 IST" duration-ms="126" status="PASS">
          <reporter-output>
          </reporter-output>
        </test-method> <!-- tearDown -->
        <test-method is-config="true" signature="setup()[pri:0, instance:testcases.login_test@3967e60c]" started-at="2025-12-01T22:04:42 IST" name="setup" finished-at="2025-12-01T22:04:44 IST" duration-ms="1308" status="PASS">
          <reporter-output>
          </reporter-output>
        </test-method> <!-- setup -->
        <test-method signature="verifyUserRedirectedToCorrectURLAfterLogin()[pri:3, instance:testcases.login_test@3967e60c]" started-at="2025-12-01T22:04:44 IST" name="verifyUserRedirectedToCorrectURLAfterLogin" finished-at="2025-12-01T22:04:44 IST" duration-ms="298" status="PASS">
          <reporter-output>
          </reporter-output>
        </test-method> <!-- verifyUserRedirectedToCorrectURLAfterLogin -->
        <test-method is-config="true" signature="tearDown()[pri:0, instance:testcases.login_test@3967e60c]" started-at="2025-12-01T22:04:44 IST" name="tearDown" finished-at="2025-12-01T22:04:44 IST" duration-ms="119" status="PASS">
          <reporter-output>
          </reporter-output>
        </test-method> <!-- tearDown -->
        <test-method is-config="true" signature="setup()[pri:0, instance:testcases.login_test@3967e60c]" started-at="2025-12-01T22:04:44 IST" name="setup" finished-at="2025-12-01T22:04:46 IST" duration-ms="1368" status="PASS">
          <reporter-output>
          </reporter-output>
        </test-method> <!-- setup -->
        <test-method signature="loginwithblankUsernameandPassword()[pri:4, instance:testcases.login_test@3967e60c]" started-at="2025-12-01T22:04:46 IST" name="loginwithblankUsernameandPassword" finished-at="2025-12-01T22:04:46 IST" duration-ms="253" status="PASS">
          <reporter-output>
          </reporter-output>
        </test-method> <!-- loginwithblankUsernameandPassword -->
        <test-method is-config="true" signature="tearDown()[pri:0, instance:testcases.login_test@3967e60c]" started-at="2025-12-01T22:04:46 IST" name="tearDown" finished-at="2025-12-01T22:04:46 IST" duration-ms="165" status="PASS">
          <reporter-output>
          </reporter-output>
        </test-method> <!-- tearDown -->
        <test-method is-config="true" signature="setup()[pri:0, instance:testcases.login_test@3967e60c]" started-at="2025-12-01T22:04:46 IST" name="setup" finished-at="2025-12-01T22:04:47 IST" duration-ms="1432" status="PASS">
          <reporter-output>
          </reporter-output>
        </test-method> <!-- setup -->
        <test-method signature="verifyLockedOUtUserLogin()[pri:5, instance:testcases.login_test@3967e60c]" started-at="2025-12-01T22:04:47 IST" name="verifyLockedOUtUserLogin" finished-at="2025-12-01T22:04:48 IST" duration-ms="275" status="PASS">
          <reporter-output>
          </reporter-output>
        </test-method> <!-- verifyLockedOUtUserLogin -->
        <test-method is-config="true" signature="tearDown()[pri:0, instance:testcases.login_test@3967e60c]" started-at="2025-12-01T22:04:48 IST" name="tearDown" finished-at="2025-12-01T22:04:48 IST" duration-ms="136" status="PASS">
          <reporter-output>
          </reporter-output>
        </test-method> <!-- tearDown -->
      </class> <!-- testcases.login_test -->
    </test> <!-- Login Test -->
  </suite> <!-- Suite -->
</testng-results>
