<?xml version="1.0" encoding="UTF-8"?>
<testng-results ignored="0" total="6" passed="6" failed="0" skipped="0">
  <reporter-output>
  </reporter-output>
  <suite started-at="2025-12-02T11:01:22 IST" name="Suite" finished-at="2025-12-02T11:02:11 IST" duration-ms="49185">
    <groups>
    </groups>
    <test started-at="2025-12-02T11:01:22 IST" name="Login Test" finished-at="2025-12-02T11:02:11 IST" duration-ms="49185">
      <class name="testcases.login_test">
        <test-method is-config="true" signature="setup()[pri:0, instance:testcases.login_test@3967e60c]" started-at="2025-12-02T11:01:22 IST" name="setup" finished-at="2025-12-02T11:01:32 IST" duration-ms="9430" status="PASS">
          <reporter-output>
          </reporter-output>
        </test-method> <!-- setup -->
        <test-method signature="loginWithValidCredentials()[pri:1, instance:testcases.login_test@3967e60c]" started-at="2025-12-02T11:01:32 IST" name="loginWithValidCredentials" finished-at="2025-12-02T11:01:32 IST" duration-ms="428" status="PASS">
          <reporter-output>
          </reporter-output>
        </test-method> <!-- loginWithValidCredentials -->
        <test-method is-config="true" signature="tearDown()[pri:0, instance:testcases.login_test@3967e60c]" started-at="2025-12-02T11:01:32 IST" name="tearDown" finished-at="2025-12-02T11:01:32 IST" duration-ms="181" status="PASS">
          <reporter-output>
          </reporter-output>
        </test-method> <!-- tearDown -->
        <test-method is-config="true" signature="setup()[pri:0, instance:testcases.login_test@3967e60c]" started-at="2025-12-02T11:01:32 IST" name="setup" finished-at="2025-12-02T11:01:43 IST" duration-ms="11133" status="PASS">
          <reporter-output>
          </reporter-output>
        </test-method> <!-- setup -->
        <test-method signature="loginWithInvalidPassword()[pri:2, instance:testcases.login_test@3967e60c]" started-at="2025-12-02T11:01:43 IST" name="loginWithInvalidPassword" finished-at="2025-12-02T11:01:44 IST" duration-ms="433" status="PASS">
          <reporter-output>
          </reporter-output>
        </test-method> <!-- loginWithInvalidPassword -->
        <test-method is-config="true" signature="tearDown()[pri:0, instance:testcases.login_test@3967e60c]" started-at="2025-12-02T11:01:44 IST" name="tearDown" finished-at="2025-12-02T11:01:44 IST" duration-ms="207" status="PASS">
          <reporter-output>
          </reporter-output>
        </test-method> <!-- tearDown -->
        <test-method is-config="true" signature="setup()[pri:0, instance:testcases.login_test@3967e60c]" started-at="2025-12-02T11:01:44 IST" name="setup" finished-at="2025-12-02T11:01:49 IST" duration-ms="4761" status="PASS">
          <reporter-output>
          </reporter-output>
        </test-method> <!-- setup -->
        <test-method signature="loginWithInvalidUsername()[pri:2, instance:testcases.login_test@3967e60c]" started-at="2025-12-02T11:01:49 IST" name="loginWithInvalidUsername" finished-at="2025-12-02T11:01:49 IST" duration-ms="423" status="PASS">
          <reporter-output>
          </reporter-output>
        </test-method> <!-- loginWithInvalidUsername -->
        <test-method is-config="true" signature="tearDown()[pri:0, instance:testcases.login_test@3967e60c]" started-at="2025-12-02T11:01:49 IST" name="tearDown" finished-at="2025-12-02T11:01:49 IST" duration-ms="196" status="PASS">
          <reporter-output>
          </reporter-output>
        </test-method> <!-- tearDown -->
        <test-method is-config="true" signature="setup()[pri:0, instance:testcases.login_test@3967e60c]" started-at="2025-12-02T11:01:49 IST" name="setup" finished-at="2025-12-02T11:01:58 IST" duration-ms="8856" status="PASS">
          <reporter-output>
          </reporter-output>
        </test-method> <!-- setup -->
        <test-method signature="verifyUserRedirectedToCorrectURLAfterLogin()[pri:3, instance:testcases.login_test@3967e60c]" started-at="2025-12-02T11:01:58 IST" name="verifyUserRedirectedToCorrectURLAfterLogin" finished-at="2025-12-02T11:01:59 IST" duration-ms="436" status="PASS">
          <reporter-output>
          </reporter-output>
        </test-method> <!-- verifyUserRedirectedToCorrectURLAfterLogin -->
        <test-method is-config="true" signature="tearDown()[pri:0, instance:testcases.login_test@3967e60c]" started-at="2025-12-02T11:01:59 IST" name="tearDown" finished-at="2025-12-02T11:01:59 IST" duration-ms="170" status="PASS">
          <reporter-output>
          </reporter-output>
        </test-method> <!-- tearDown -->
        <test-method is-config="true" signature="setup()[pri:0, instance:testcases.login_test@3967e60c]" started-at="2025-12-02T11:01:59 IST" name="setup" finished-at="2025-12-02T11:02:06 IST" duration-ms="6772" status="PASS">
          <reporter-output>
          </reporter-output>
        </test-method> <!-- setup -->
        <test-method signature="loginwithblankUsernameandPassword()[pri:4, instance:testcases.login_test@3967e60c]" started-at="2025-12-02T11:02:06 IST" name="loginwithblankUsernameandPassword" finished-at="2025-12-02T11:02:06 IST" duration-ms="327" status="PASS">
          <reporter-output>
          </reporter-output>
        </test-method> <!-- loginwithblankUsernameandPassword -->
        <test-method is-config="true" signature="tearDown()[pri:0, instance:testcases.login_test@3967e60c]" started-at="2025-12-02T11:02:06 IST" name="tearDown" finished-at="2025-12-02T11:02:06 IST" duration-ms="204" status="PASS">
          <reporter-output>
          </reporter-output>
        </test-method> <!-- tearDown -->
        <test-method is-config="true" signature="setup()[pri:0, instance:testcases.login_test@3967e60c]" started-at="2025-12-02T11:02:06 IST" name="setup" finished-at="2025-12-02T11:02:11 IST" duration-ms="4625" status="PASS">
          <reporter-output>
          </reporter-output>
        </test-method> <!-- setup -->
        <test-method signature="verifyLockedOUtUserLogin()[pri:5, instance:testcases.login_test@3967e60c]" started-at="2025-12-02T11:02:11 IST" name="verifyLockedOUtUserLogin" finished-at="2025-12-02T11:02:11 IST" duration-ms="365" status="PASS">
          <reporter-output>
          </reporter-output>
        </test-method> <!-- verifyLockedOUtUserLogin -->
        <test-method is-config="true" signature="tearDown()[pri:0, instance:testcases.login_test@3967e60c]" started-at="2025-12-02T11:02:11 IST" name="tearDown" finished-at="2025-12-02T11:02:11 IST" duration-ms="201" status="PASS">
          <reporter-output>
          </reporter-output>
        </test-method> <!-- tearDown -->
      </class> <!-- testcases.login_test -->
    </test> <!-- Login Test -->
  </suite> <!-- Suite -->
</testng-results>
