<?xml version="1.0" encoding="UTF-8"?>
<testng-results ignored="0" total="6" passed="6" failed="0" skipped="0">
  <reporter-output>
  </reporter-output>
  <suite started-at="2025-12-01T22:18:39 IST" name="Default suite" finished-at="2025-12-01T22:18:51 IST" duration-ms="12011">
    <groups>
    </groups>
    <test started-at="2025-12-01T22:18:39 IST" name="Default test" finished-at="2025-12-01T22:18:51 IST" duration-ms="12011">
      <class name="testcases.login_test">
        <test-method is-config="true" signature="setup()[pri:0, instance:testcases.login_test@4116aac9]" started-at="2025-12-01T22:18:40 IST" name="setup" finished-at="2025-12-01T22:18:42 IST" duration-ms="2305" status="PASS">
          <reporter-output>
          </reporter-output>
        </test-method> <!-- setup -->
        <test-method signature="loginWithValidCredentials()[pri:1, instance:testcases.login_test@4116aac9]" started-at="2025-12-01T22:18:42 IST" name="loginWithValidCredentials" finished-at="2025-12-01T22:18:42 IST" duration-ms="390" status="PASS">
          <reporter-output>
          </reporter-output>
        </test-method> <!-- loginWithValidCredentials -->
        <test-method is-config="true" signature="tearDown()[pri:0, instance:testcases.login_test@4116aac9]" started-at="2025-12-01T22:18:42 IST" name="tearDown" finished-at="2025-12-01T22:18:42 IST" duration-ms="187" status="PASS">
          <reporter-output>
          </reporter-output>
        </test-method> <!-- tearDown -->
        <test-method is-config="true" signature="setup()[pri:0, instance:testcases.login_test@4116aac9]" started-at="2025-12-01T22:18:42 IST" name="setup" finished-at="2025-12-01T22:18:44 IST" duration-ms="1406" status="PASS">
          <reporter-output>
          </reporter-output>
        </test-method> <!-- setup -->
        <test-method signature="loginWithInvalidPassword()[pri:2, instance:testcases.login_test@4116aac9]" started-at="2025-12-01T22:18:44 IST" name="loginWithInvalidPassword" finished-at="2025-12-01T22:18:44 IST" duration-ms="259" status="PASS">
          <reporter-output>
          </reporter-output>
        </test-method> <!-- loginWithInvalidPassword -->
        <test-method is-config="true" signature="tearDown()[pri:0, instance:testcases.login_test@4116aac9]" started-at="2025-12-01T22:18:44 IST" name="tearDown" finished-at="2025-12-01T22:18:44 IST" duration-ms="139" status="PASS">
          <reporter-output>
          </reporter-output>
        </test-method> <!-- tearDown -->
        <test-method is-config="true" signature="setup()[pri:0, instance:testcases.login_test@4116aac9]" started-at="2025-12-01T22:18:44 IST" name="setup" finished-at="2025-12-01T22:18:46 IST" duration-ms="1407" status="PASS">
          <reporter-output>
          </reporter-output>
        </test-method> <!-- setup -->
        <test-method signature="loginWithInvalidUsername()[pri:2, instance:testcases.login_test@4116aac9]" started-at="2025-12-01T22:18:46 IST" name="loginWithInvalidUsername" finished-at="2025-12-01T22:18:46 IST" duration-ms="260" status="PASS">
          <reporter-output>
          </reporter-output>
        </test-method> <!-- loginWithInvalidUsername -->
        <test-method is-config="true" signature="tearDown()[pri:0, instance:testcases.login_test@4116aac9]" started-at="2025-12-01T22:18:46 IST" name="tearDown" finished-at="2025-12-01T22:18:46 IST" duration-ms="152" status="PASS">
          <reporter-output>
          </reporter-output>
        </test-method> <!-- tearDown -->
        <test-method is-config="true" signature="setup()[pri:0, instance:testcases.login_test@4116aac9]" started-at="2025-12-01T22:18:46 IST" name="setup" finished-at="2025-12-01T22:18:47 IST" duration-ms="1347" status="PASS">
          <reporter-output>
          </reporter-output>
        </test-method> <!-- setup -->
        <test-method signature="verifyUserRedirectedToCorrectURLAfterLogin()[pri:3, instance:testcases.login_test@4116aac9]" started-at="2025-12-01T22:18:47 IST" name="verifyUserRedirectedToCorrectURLAfterLogin" finished-at="2025-12-01T22:18:48 IST" duration-ms="270" status="PASS">
          <reporter-output>
          </reporter-output>
        </test-method> <!-- verifyUserRedirectedToCorrectURLAfterLogin -->
        <test-method is-config="true" signature="tearDown()[pri:0, instance:testcases.login_test@4116aac9]" started-at="2025-12-01T22:18:48 IST" name="tearDown" finished-at="2025-12-01T22:18:48 IST" duration-ms="159" status="PASS">
          <reporter-output>
          </reporter-output>
        </test-method> <!-- tearDown -->
        <test-method is-config="true" signature="setup()[pri:0, instance:testcases.login_test@4116aac9]" started-at="2025-12-01T22:18:48 IST" name="setup" finished-at="2025-12-01T22:18:49 IST" duration-ms="1419" status="PASS">
          <reporter-output>
          </reporter-output>
        </test-method> <!-- setup -->
        <test-method signature="loginwithblankUsernameandPassword()[pri:4, instance:testcases.login_test@4116aac9]" started-at="2025-12-01T22:18:49 IST" name="loginwithblankUsernameandPassword" finished-at="2025-12-01T22:18:49 IST" duration-ms="250" status="PASS">
          <reporter-output>
          </reporter-output>
        </test-method> <!-- loginwithblankUsernameandPassword -->
        <test-method is-config="true" signature="tearDown()[pri:0, instance:testcases.login_test@4116aac9]" started-at="2025-12-01T22:18:49 IST" name="tearDown" finished-at="2025-12-01T22:18:50 IST" duration-ms="145" status="PASS">
          <reporter-output>
          </reporter-output>
        </test-method> <!-- tearDown -->
        <test-method is-config="true" signature="setup()[pri:0, instance:testcases.login_test@4116aac9]" started-at="2025-12-01T22:18:50 IST" name="setup" finished-at="2025-12-01T22:18:51 IST" duration-ms="1427" status="PASS">
          <reporter-output>
          </reporter-output>
        </test-method> <!-- setup -->
        <test-method signature="verifyLockedOUtUserLogin()[pri:5, instance:testcases.login_test@4116aac9]" started-at="2025-12-01T22:18:51 IST" name="verifyLockedOUtUserLogin" finished-at="2025-12-01T22:18:51 IST" duration-ms="290" status="PASS">
          <reporter-output>
          </reporter-output>
        </test-method> <!-- verifyLockedOUtUserLogin -->
        <test-method is-config="true" signature="tearDown()[pri:0, instance:testcases.login_test@4116aac9]" started-at="2025-12-01T22:18:51 IST" name="tearDown" finished-at="2025-12-01T22:18:51 IST" duration-ms="143" status="PASS">
          <reporter-output>
          </reporter-output>
        </test-method> <!-- tearDown -->
      </class> <!-- testcases.login_test -->
    </test> <!-- Default test -->
  </suite> <!-- Default suite -->
</testng-results>
