<?xml version="1.0" encoding="UTF-8"?>
<!-- Generated by org.testng.reporters.JUnitReportReporter -->
<testsuite hostname="MehakChopra" failures="0" tests="6" name="testcases.login_test" time="11.955" errors="0" timestamp="2025-12-01T22:18:52 IST" skipped="0">
  <testcase classname="testcases.login_test" name="loginWithValidCredentials" time="1.954"/>
  <testcase classname="testcases.login_test" name="loginWithInvalidPassword" time="1.809"/>
  <testcase classname="testcases.login_test" name="loginWithInvalidUsername" time="1.853"/>
  <testcase classname="testcases.login_test" name="verifyUserRedirectedToCorrectURLAfterLogin" time="2.727"/>
  <testcase classname="testcases.login_test" name="loginwithblankUsernameandPassword" time="1.836"/>
  <testcase classname="testcases.login_test" name="verifyLockedOUtUserLogin" time="1.776"/>
</testsuite> <!-- testcases.login_test -->
