<?xml version="1.0" encoding="UTF-8"?>
<!-- Generated by org.testng.reporters.JUnitReportReporter -->
<testsuite hostname="MehakChopra" failures="0" tests="6" name="testcases.login_test" time="49.148" errors="0" timestamp="2025-12-02T11:02:12 IST" skipped="0">
  <testcase classname="testcases.login_test" name="loginWithValidCredentials" time="11.731"/>
  <testcase classname="testcases.login_test" name="loginWithInvalidUsername" time="9.483"/>
  <testcase classname="testcases.login_test" name="loginWithInvalidPassword" time="5.395"/>
  <testcase classname="testcases.login_test" name="verifyUserRedirectedToCorrectURLAfterLogin" time="10.073"/>
  <testcase classname="testcases.login_test" name="loginwithblankUsernameandPassword" time="7.295"/>
  <testcase classname="testcases.login_test" name="verifyLockedOUtUserLogin" time="5.171"/>
</testsuite> <!-- testcases.login_test -->
