<?xml version="1.0" encoding="UTF-8"?>
<!-- Generated by org.testng.reporters.JUnitReportReporter -->
<testsuite hostname="MehakChopra" failures="0" tests="6" name="testcases.login_test" time="37.405" errors="0" timestamp="2025-12-01T22:04:48 IST" skipped="0">
  <testcase classname="testcases.login_test" name="loginWithValidCredentials" time="1.981"/>
  <testcase classname="testcases.login_test" name="loginWithInvalidPassword" time="1.960"/>
  <testcase classname="testcases.login_test" name="loginWithInvalidUsername" time="1.904"/>
  <testcase classname="testcases.login_test" name="verifyUserRedirectedToCorrectURLAfterLogin" time="28.017"/>
  <testcase classname="testcases.login_test" name="loginwithblankUsernameandPassword" time="1.795"/>
  <testcase classname="testcases.login_test" name="verifyLockedOUtUserLogin" time="1.748"/>
</testsuite> <!-- testcases.login_test -->
